<?xml version="1.0" encoding="UTF-8"?>
<coverage generated="1747396835895" clover="3.2.0">
  <project timestamp="1747396835896" name="All files">
    <metrics statements="9" coveredstatements="8" conditionals="2" coveredconditionals="1" methods="5" coveredmethods="5" elements="16" coveredelements="14" complexity="0" loc="9" ncloc="9" packages="1" files="1" classes="1"/>
    <file name="math.js" path="S:\Università\3o anno\SSGS\ssgs-projects\ssgs-calc\math.js">
      <metrics statements="9" coveredstatements="8" conditionals="2" coveredconditionals="1" methods="5" coveredmethods="5"/>
      <line num="6" count="1" type="stmt"/>
      <line num="10" count="1" type="stmt"/>
      <line num="14" count="1" type="stmt"/>
      <line num="18" count="1" type="stmt"/>
      <line num="22" count="1" type="stmt"/>
      <line num="25" count="1" type="stmt"/>
      <line num="106" count="1" type="stmt"/>
      <line num="116" count="1" type="cond" truecount="1" falsecount="1"/>
      <line num="117" count="0" type="stmt"/>
    </file>
  </project>
</coverage>
