{"S:\\Università\\3o anno\\SSGS\\ssgs-projects\\ssgs-calc\\math.js": {"path":"S:\\Università\\3o anno\\SSGS\\ssgs-projects\\ssgs-calc\\math.js","all":false,"statementMap":{"0":{"start":{"line":1,"column":0},"end":{"line":1,"column":30}},"1":{"start":{"line":2,"column":0},"end":{"line":2,"column":36}},"2":{"start":{"line":3,"column":0},"end":{"line":3,"column":1}},"3":{"start":{"line":4,"column":0},"end":{"line":4,"column":20}},"4":{"start":{"line":5,"column":0},"end":{"line":5,"column":17}},"5":{"start":{"line":6,"column":0},"end":{"line":6,"column":1}},"6":{"start":{"line":7,"column":0},"end":{"line":7,"column":25}},"7":{"start":{"line":8,"column":0},"end":{"line":8,"column":17}},"8":{"start":{"line":9,"column":0},"end":{"line":9,"column":1}},"9":{"start":{"line":10,"column":0},"end":{"line":10,"column":25}},"10":{"start":{"line":11,"column":0},"end":{"line":11,"column":17}},"11":{"start":{"line":12,"column":0},"end":{"line":12,"column":1}},"12":{"start":{"line":13,"column":0},"end":{"line":13,"column":23}},"13":{"start":{"line":14,"column":0},"end":{"line":14,"column":17}},"14":{"start":{"line":15,"column":0},"end":{"line":15,"column":1}},"15":{"start":{"line":16,"column":0},"end":{"line":16,"column":0}},"16":{"start":{"line":17,"column":0},"end":{"line":17,"column":18}},"17":{"start":{"line":18,"column":0},"end":{"line":18,"column":8}},"18":{"start":{"line":19,"column":0},"end":{"line":19,"column":13}},"19":{"start":{"line":20,"column":0},"end":{"line":20,"column":13}},"20":{"start":{"line":21,"column":0},"end":{"line":21,"column":11}},"21":{"start":{"line":22,"column":0},"end":{"line":22,"column":8}},"22":{"start":{"line":23,"column":0},"end":{"line":23,"column":2}}},"s":{"0":1,"1":1,"2":1,"3":1,"4":1,"5":1,"6":1,"7":1,"8":1,"9":1,"10":1,"11":1,"12":1,"13":1,"14":1,"15":1,"16":1,"17":1,"18":1,"19":1,"20":1,"21":1,"22":1},"branchMap":{"0":{"type":"branch","line":1,"loc":{"start":{"line":1,"column":0},"end":{"line":3,"column":1}},"locations":[{"start":{"line":1,"column":0},"end":{"line":3,"column":1}}]},"1":{"type":"branch","line":4,"loc":{"start":{"line":4,"column":0},"end":{"line":6,"column":1}},"locations":[{"start":{"line":4,"column":0},"end":{"line":6,"column":1}}]},"2":{"type":"branch","line":7,"loc":{"start":{"line":7,"column":0},"end":{"line":9,"column":1}},"locations":[{"start":{"line":7,"column":0},"end":{"line":9,"column":1}}]},"3":{"type":"branch","line":10,"loc":{"start":{"line":10,"column":0},"end":{"line":12,"column":1}},"locations":[{"start":{"line":10,"column":0},"end":{"line":12,"column":1}}]},"4":{"type":"branch","line":13,"loc":{"start":{"line":13,"column":0},"end":{"line":15,"column":1}},"locations":[{"start":{"line":13,"column":0},"end":{"line":15,"column":1}}]}},"b":{"0":[1],"1":[1],"2":[1],"3":[1],"4":[1]},"fnMap":{"0":{"name":"pow","decl":{"start":{"line":1,"column":0},"end":{"line":3,"column":1}},"loc":{"start":{"line":1,"column":0},"end":{"line":3,"column":1}},"line":1},"1":{"name":"sum","decl":{"start":{"line":4,"column":0},"end":{"line":6,"column":1}},"loc":{"start":{"line":4,"column":0},"end":{"line":6,"column":1}},"line":4},"2":{"name":"subtract","decl":{"start":{"line":7,"column":0},"end":{"line":9,"column":1}},"loc":{"start":{"line":7,"column":0},"end":{"line":9,"column":1}},"line":7},"3":{"name":"multiply","decl":{"start":{"line":10,"column":0},"end":{"line":12,"column":1}},"loc":{"start":{"line":10,"column":0},"end":{"line":12,"column":1}},"line":10},"4":{"name":"divide","decl":{"start":{"line":13,"column":0},"end":{"line":15,"column":1}},"loc":{"start":{"line":13,"column":0},"end":{"line":15,"column":1}},"line":13}},"f":{"0":1,"1":1,"2":1,"3":1,"4":1}}
}
