TN:
SF:math.js
FN:17,getRandomGreeting
FN:23,pow
FN:29,sum
FN:35,subtract
FN:41,multiply
FN:47,divide
FN:66,askOperation
FN:75,(anonymous_7)
FN:85,askNumbers
FN:86,(anonymous_9)
FN:87,(anonymous_10)
FN:114,askContinue
FN:115,(anonymous_12)
FNF:13
FNH:6
FNDA:0,getRandomGreeting
FNDA:1,pow
FNDA:1,sum
FNDA:1,subtract
FNDA:1,multiply
FNDA:1,divide
FNDA:1,askOperation
FNDA:0,(anonymous_7)
FNDA:0,askNumbers
FNDA:0,(anonymous_9)
FNDA:0,(anonymous_10)
FNDA:0,askContinue
FNDA:0,(anonymous_12)
DA:3,1
DA:5,1
DA:10,1
DA:18,0
DA:24,1
DA:25,0
DA:27,1
DA:30,1
DA:31,0
DA:33,1
DA:36,1
DA:37,0
DA:39,1
DA:42,1
DA:43,0
DA:45,1
DA:48,1
DA:49,0
DA:51,1
DA:52,0
DA:54,1
DA:57,1
DA:64,1
DA:67,1
DA:68,1
DA:69,1
DA:70,1
DA:71,1
DA:72,1
DA:73,1
DA:75,1
DA:76,0
DA:77,0
DA:78,0
DA:81,0
DA:86,0
DA:87,0
DA:88,0
DA:89,0
DA:91,0
DA:92,0
DA:93,0
DA:97,0
DA:98,0
DA:99,0
DA:100,0
DA:101,0
DA:102,0
DA:103,0
DA:105,0
DA:107,0
DA:109,0
DA:115,0
DA:116,0
DA:117,0
DA:118,0
DA:119,0
DA:120,0
DA:122,0
DA:123,0
DA:128,1
LF:61
LH:25
BRDA:24,0,0,0
BRDA:24,0,1,1
BRDA:24,1,0,1
BRDA:24,1,1,1
BRDA:30,2,0,0
BRDA:30,2,1,1
BRDA:30,3,0,1
BRDA:30,3,1,1
BRDA:36,4,0,0
BRDA:36,4,1,1
BRDA:36,5,0,1
BRDA:36,5,1,1
BRDA:42,6,0,0
BRDA:42,6,1,1
BRDA:42,7,0,1
BRDA:42,7,1,1
BRDA:48,8,0,0
BRDA:48,8,1,1
BRDA:48,9,0,1
BRDA:48,9,1,1
BRDA:51,10,0,0
BRDA:51,10,1,1
BRDA:76,11,0,0
BRDA:76,11,1,0
BRDA:91,12,0,0
BRDA:91,12,1,0
BRDA:91,13,0,0
BRDA:91,13,1,0
BRDA:98,14,0,0
BRDA:98,14,1,0
BRDA:98,14,2,0
BRDA:98,14,3,0
BRDA:98,14,4,0
BRDA:116,15,0,0
BRDA:116,15,1,0
BRDA:118,16,0,0
BRDA:118,16,1,0
BRDA:118,17,0,0
BRDA:118,17,1,0
BRF:39
BRH:16
end_of_record
